<?xml version="1.0" encoding="UTF-8"?>
<testsuite xmlns:xsi="http://www.w3.org/2001/XMLSchema-instance" xsi:noNamespaceSchemaLocation="https://maven.apache.org/surefire/maven-surefire-plugin/xsd/surefire-test-report.xsd" name="cucumber.Options.TestRunner" time="1.066" tests="7" errors="1" skipped="6" failures="0">
  <properties>
[...]
</properties>
  <testcase name="Verify if user is able to login" classname="Validating user login APIs" time="0.683">
    <error message="Configuration.properties not found at resources//global.properties" type="java.lang.RuntimeException">java.lang.RuntimeException: Configuration.properties not found at resources//global.properties
</error>
    <system-out><![CDATA[tan android
respurce api user.login
]]></system-out>
    <system-err><![CDATA[Jul 07, 2020 2:25:40 PM io.cucumber.junit.Cucumber <init>
WARNING: By default Cucumber is running in --non-strict mode.
This default will change to --strict and --non-strict will be removed.
You can use --strict or @CucumberOptions(strict = true) to suppress this warning
java.io.FileNotFoundException: resources/global.properties (No such file or directory)
	at java.base/java.io.FileInputStream.open0(Native Method)
	at java.base/java.io.FileInputStream.open(FileInputStream.java:212)
	at java.base/java.io.FileInputStream.<init>(FileInputStream.java:154)
	at java.base/java.io.FileInputStream.<init>(FileInputStream.java:109)
	at java.base/java.io.FileReader.<init>(FileReader.java:60)
	at resources.ConfigReader.<init>(ConfigReader.java:18)
	at resources.ConfigReader.getInstance(ConfigReader.java:34)
	at resources.Util.requestSpecification(Util.java:31)
	at stepDefinitions.User.add_login_payload_with_context_and_user_calls_with_get_http_request_with_username_as_and_password_as(User.java:53)
	at java.base/jdk.internal.reflect.NativeMethodAccessorImpl.invoke0(Native Method)
	at java.base/jdk.internal.reflect.NativeMethodAccessorImpl.invoke(NativeMethodAccessorImpl.java:62)
	at java.base/jdk.internal.reflect.DelegatingMethodAccessorImpl.invoke(DelegatingMethodAccessorImpl.java:43)
	at java.base/java.lang.reflect.Method.invoke(Method.java:564)
	at io.cucumber.java.Invoker.invoke(Invoker.java:27)
	at io.cucumber.java.JavaStepDefinition.execute(JavaStepDefinition.java:27)
	at io.cucumber.core.runner.PickleStepDefinitionMatch.runStep(PickleStepDefinitionMatch.java:63)
	at io.cucumber.core.runner.TestStep.executeStep(TestStep.java:64)
	at io.cucumber.core.runner.TestStep.run(TestStep.java:49)
	at io.cucumber.core.runner.PickleStepTestStep.run(PickleStepTestStep.java:46)
	at io.cucumber.core.runner.TestCase.run(TestCase.java:51)
	at io.cucumber.core.runner.Runner.runPickle(Runner.java:67)
	at io.cucumber.junit.PickleRunners$NoStepDescriptions.run(PickleRunners.java:149)
	at io.cucumber.junit.FeatureRunner.runChild(FeatureRunner.java:83)
	at io.cucumber.junit.FeatureRunner.runChild(FeatureRunner.java:24)
	at org.junit.runners.ParentRunner$3.run(ParentRunner.java:238)
	at org.junit.runners.ParentRunner$1.schedule(ParentRunner.java:63)
	at org.junit.runners.ParentRunner.runChildren(ParentRunner.java:236)
	at org.junit.runners.ParentRunner.access$000(ParentRunner.java:53)
	at org.junit.runners.ParentRunner$2.evaluate(ParentRunner.java:229)
	at org.junit.runners.ParentRunner.run(ParentRunner.java:309)
	at io.cucumber.junit.Cucumber.runChild(Cucumber.java:185)
	at io.cucumber.junit.Cucumber.runChild(Cucumber.java:83)
	at org.junit.runners.ParentRunner$3.run(ParentRunner.java:238)
	at org.junit.runners.ParentRunner$1.schedule(ParentRunner.java:63)
	at org.junit.runners.ParentRunner.runChildren(ParentRunner.java:236)
	at org.junit.runners.ParentRunner.access$000(ParentRunner.java:53)
	at org.junit.runners.ParentRunner$2.evaluate(ParentRunner.java:229)
	at io.cucumber.junit.Cucumber$RunCucumber.evaluate(Cucumber.java:219)
	at org.junit.runners.ParentRunner.run(ParentRunner.java:309)
	at org.apache.maven.surefire.junit4.JUnit4Provider.execute(JUnit4Provider.java:365)
	at org.apache.maven.surefire.junit4.JUnit4Provider.executeWithRerun(JUnit4Provider.java:273)
	at org.apache.maven.surefire.junit4.JUnit4Provider.executeTestSet(JUnit4Provider.java:238)
	at org.apache.maven.surefire.junit4.JUnit4Provider.invoke(JUnit4Provider.java:159)
	at org.apache.maven.surefire.booter.ForkedBooter.invokeProviderInSameClassLoader(ForkedBooter.java:384)
	at org.apache.maven.surefire.booter.ForkedBooter.runSuitesInProcess(ForkedBooter.java:345)
	at org.apache.maven.surefire.booter.ForkedBooter.execute(ForkedBooter.java:126)
	at org.apache.maven.surefire.booter.ForkedBooter.main(ForkedBooter.java:418)
]]></system-err>
  </testcase>
  <testcase name="Verify if user is able to play artist radio" classname="Validating user Radio APIs" time="0">
    <skipped message="The step &quot;Add radio payload with context &quot;android&quot; and user calls &quot;webradio.createStation&quot; with get http request with username as &quot;tanu@saavn.com&quot; and password as &quot;Tanu1234&quot;&quot; is undefined. You can implement it using the snippet(s) below:&#10;&#10;@Given(&quot;Add radio payload with context {string} and user calls {string} with get http request with username as {string} and password as {string}&quot;)&#10;public void add_radio_payload_with_context_and_user_calls_with_get_http_request_with_username_as_and_password_as(String string, String string2, String string3, String string4) {&#10;    // Write code here that turns the phrase above into concrete actions&#10;    throw new io.cucumber.java.PendingException();&#10;}&#10;"/>
  </testcase>
  <testcase name="Verify if user is able to play artist radio" classname="Validating user Radio APIs" time="0">
    <skipped message="The step &quot;Add radio payload with context &quot;android&quot; and user calls &quot;webradio.createStation&quot; with get http request with username as &quot;tanu@saavn.com&quot; and password as &quot;Tanu1234&quot;&quot; is undefined. You can implement it using the snippet(s) below:&#10;&#10;@Given(&quot;Add radio payload with context {string} and user calls {string} with get http request with username as {string} and password as {string}&quot;)&#10;public void add_radio_payload_with_context_and_user_calls_with_get_http_request_with_username_as_and_password_as(String string, String string2, String string3, String string4) {&#10;    // Write code here that turns the phrase above into concrete actions&#10;    throw new io.cucumber.java.PendingException();&#10;}&#10;"/>
  </testcase>
  <testcase name="Verify if user is able to play artist radio" classname="Validating user Radio APIs" time="0">
    <skipped message="The step &quot;Add radio payload with context &quot;android&quot; and user calls &quot;webradio.createStation&quot; with get http request with username as &quot;tanu@saavn.com&quot; and password as &quot;Tanu1234&quot;&quot; is undefined. You can implement it using the snippet(s) below:&#10;&#10;@Given(&quot;Add radio payload with context {string} and user calls {string} with get http request with username as {string} and password as {string}&quot;)&#10;public void add_radio_payload_with_context_and_user_calls_with_get_http_request_with_username_as_and_password_as(String string, String string2, String string3, String string4) {&#10;    // Write code here that turns the phrase above into concrete actions&#10;    throw new io.cucumber.java.PendingException();&#10;}&#10;"/>
  </testcase>
  <testcase name="Verify if user is able to play feature radio" classname="Validating user Radio APIs" time="0">
    <skipped message="The step &quot;Add radio payload with context &quot;android&quot; and user calls &quot;webradio.createStation&quot; with get http request with username as &quot;tanu@saavn.com&quot; and password as &quot;Tanu1234&quot;&quot; is undefined. You can implement it using the snippet(s) below:&#10;&#10;@Given(&quot;Add radio payload with context {string} and user calls {string} with get http request with username as {string} and password as {string}&quot;)&#10;public void add_radio_payload_with_context_and_user_calls_with_get_http_request_with_username_as_and_password_as(String string, String string2, String string3, String string4) {&#10;    // Write code here that turns the phrase above into concrete actions&#10;    throw new io.cucumber.java.PendingException();&#10;}&#10;"/>
  </testcase>
  <testcase name="Verify if user is able to play feature radio" classname="Validating user Radio APIs" time="0">
    <skipped message="The step &quot;Add radio payload with context &quot;android&quot; and user calls &quot;webradio.createStation&quot; with get http request with username as &quot;tanu@saavn.com&quot; and password as &quot;Tanu1234&quot;&quot; is undefined. You can implement it using the snippet(s) below:&#10;&#10;@Given(&quot;Add radio payload with context {string} and user calls {string} with get http request with username as {string} and password as {string}&quot;)&#10;public void add_radio_payload_with_context_and_user_calls_with_get_http_request_with_username_as_and_password_as(String string, String string2, String string3, String string4) {&#10;    // Write code here that turns the phrase above into concrete actions&#10;    throw new io.cucumber.java.PendingException();&#10;}&#10;"/>
  </testcase>
  <testcase name="Verify if user is able to play feature radio" classname="Validating user Radio APIs" time="0">
    <skipped message="The step &quot;Add radio payload with context &quot;android&quot; and user calls &quot;webradio.createStation&quot; with get http request with username as &quot;tanu@saavn.com&quot; and password as &quot;Tanu1234&quot;&quot; is undefined. You can implement it using the snippet(s) below:&#10;&#10;@Given(&quot;Add radio payload with context {string} and user calls {string} with get http request with username as {string} and password as {string}&quot;)&#10;public void add_radio_payload_with_context_and_user_calls_with_get_http_request_with_username_as_and_password_as(String string, String string2, String string3, String string4) {&#10;    // Write code here that turns the phrase above into concrete actions&#10;    throw new io.cucumber.java.PendingException();&#10;}&#10;"/>
  </testcase>
</testsuite>