<?xml version="1.0" encoding="UTF-8"?>
<testng-results ignored="0" total="1" passed="1" failed="0" skipped="0">
  <reporter-output>
  </reporter-output>
  <suite started-at="2020-09-01T11:04:19Z" name="Default suite" finished-at="2020-09-01T11:04:19Z" duration-ms="19">
    <groups>
    </groups>
    <test started-at="2020-09-01T11:04:19Z" name="Default test" finished-at="2020-09-01T11:04:19Z" duration-ms="19">
      <class name="testcases.BaseTest">
        <test-method signature="start()[pri:0, instance:testcases.BaseTest@2dc54ad4]" started-at="2020-09-01T16:34:19Z" name="start" finished-at="2020-09-01T16:34:19Z" duration-ms="7" status="PASS">
          <reporter-output>
          </reporter-output>
        </test-method> <!-- start -->
      </class> <!-- testcases.BaseTest -->
    </test> <!-- Default test -->
  </suite> <!-- Default suite -->
</testng-results>
